Posición de las cargas:
Carga #1
	PosX: 500.0
	PosY: 249.58491521633158
Carga #2
	PosX: 98.22168506585433
	PosY: 127.12094580907782
Carga #3
	PosX: 0.0
	PosY: 295.82962429691514
Carga #4
	PosX: 185.4172571537641
	PosY: 563.2249256786494
Carga #5
	PosX: 327.6577006765759
	PosY: 325.93821081840815
Carga #6
	PosX: 500.0
	PosY: 719.9718447935395
Carga #7
	PosX: 229.5154321401151
	PosY: 402.33100812537174
Carga #8
	PosX: 112.7216221280969
	PosY: 328.8628867712958
Carga #9
	PosX: 378.8088318148843
	PosY: 570.4730382779443
Carga #10
	PosX: 150.92912418375755
	PosY: 750.0
Carga #11
	PosX: 446.282782001761
	PosY: 433.1688790980103
Carga #12
	PosX: 193.38194982200434
	PosY: 204.433548668662
Carga #13
	PosX: 397.55126838083686
	PosY: 139.6785143195624
Carga #14
	PosX: 0.0
	PosY: 29.968471547163215
Carga #15
	PosX: 500.0
	PosY: 0.0
Carga #16
	PosX: 273.30814082075767
	PosY: 15.186474297108294
Carga #17
	PosX: 0.0
	PosY: 623.8325263602227
Carga #18
	PosX: 0.0
	PosY: 482.2915532981183

El porcentaje cubierto del campo es: 90.3
La cantidad de iteraciones realizadas fue: 6
